#
# There is insufficient memory for the Java Runtime Environment to continue.
# Native memory allocation (malloc) failed to allocate 2097152 bytes for AllocateHeap
# Possible reasons:
#   The system is out of physical RAM or swap space
#   The process is running with CompressedOops enabled, and the Java Heap may be blocking the growth of the native heap
# Possible solutions:
#   Reduce memory load on the system
#   Increase physical memory or swap space
#   Check if swap backing store is full
#   Decrease Java heap size (-Xmx/-Xms)
#   Decrease number of Java threads
#   Decrease Java thread stack sizes (-Xss)
#   Set larger code cache with -XX:ReservedCodeCacheSize=
#   JVM is running with Zero Based Compressed Oops mode in which the Java heap is
#     placed in the first 32GB address space. The Java Heap base address is the
#     maximum limit for the native heap growth. Please use -XX:HeapBaseMinAddress
#     to set the Java Heap base and to place the Java Heap above 32GB virtual address.
# This output file may be truncated or incomplete.
#
#  Out of Memory Error (t:/workspace/open/src/hotspot/share/memory/allocation.cpp:46), pid=16480, tid=23776
#
# JRE version: Java(TM) SE Runtime Environment (12.0.2+10) (build 12.0.2+10)
# Java VM: Java HotSpot(TM) 64-Bit Server VM (12.0.2+10, mixed mode, sharing, tiered, compressed oops, g1 gc, windows-amd64)
# No core dump will be written. Minidumps are not enabled by default on client versions of Windows
#

---------------  S U M M A R Y ------------

Command Line: -agentlib:jdwp=transport=dt_socket,server=n,suspend=y,address=127.0.0.1:64191 -Dfile.encoding=windows-1252 -Duser.country=ES -Duser.language=es -Duser.variant seakers.vassargenerative.gatewayserver.GatewayServerGen

Host: 11th Gen Intel(R) Core(TM) i7-1165G7 @ 2.80GHz, 8 cores, 15G,  Windows 10 , 64 bit Build 22621 (10.0.22621.1778)
Time: Fri Jul  7 11:26:17 2023 Hora de verano del Centro elapsed time: 5143 seconds (0d 1h 25m 43s)

---------------  T H R E A D  ---------------

Current thread (0x0000022154988800):  VMThread "VM Thread" [stack: 0x000000b409300000,0x000000b409400000] [id=23776]

Stack: [0x000000b409300000,0x000000b409400000]
[error occurred during error reporting (printing stack bounds), id 0xc0000005, EXCEPTION_ACCESS_VIOLATION (0xc0000005) at pc=0x00000221395b0d67]

Native frames: (J=compiled Java code, j=interpreted, Vv=VM code, C=native code)
V  [jvm.dll+0x63aa2a]
V  [jvm.dll+0x78ce1e]
V  [jvm.dll+0x78e4c1]
V  [jvm.dll+0x78ea75]
V  [jvm.dll+0x78ea2b]
V  [jvm.dll+0x63a134]
V  [jvm.dll+0x63a4f8]
C  [ntdll.dll+0xa3cff]
C  [ntdll.dll+0x1e456]
C  [ntdll.dll+0xa2cee]
C  0x00000221395b0d67

VM_Operation (0x000000b40b1fdb00): G1CollectFull, mode: safepoint, requested by thread 0x0000022158ab8800


---------------  P R O C E S S  ---------------

Threads class SMR info:
_java_thread_list=0x0000022156243f10, length=29, elements={
0x000002215498b800, 0x000002215498f000, 0x00000221549aa000, 0x00000221549ae000,
0x0000022155232000, 0x0000022155237800, 0x0000022155240800, 0x000002215539c000,
0x000002215539f800, 0x00000221553a2800, 0x00000221553b7000, 0x00000221553b0000,
0x000002215587b800, 0x000002215587f000, 0x00000221311b1800, 0x0000022158abe000,
0x0000022156444800, 0x000002215644a000, 0x0000022158abf000, 0x0000022157626000,
0x0000022157624000, 0x0000022157627000, 0x0000022157623000, 0x0000022157628000,
0x0000022157622000, 0x0000022157624800, 0x0000022157625800, 0x0000022157628800,
0x0000022158ab8800
}

Java Threads: ( => current thread )
  0x000002215498b800 JavaThread "Reference Handler" daemon [_thread_blocked, id=30100, stack(0x000000b409400000,0x000000b409500000)]
  0x000002215498f000 JavaThread "Finalizer" daemon [_thread_blocked, id=34524, stack(0x000000b409500000,0x000000b409600000)]
  0x00000221549aa000 JavaThread "Signal Dispatcher" daemon [_thread_blocked, id=18008, stack(0x000000b409600000,0x000000b409700000)]
  0x00000221549ae000 JavaThread "Attach Listener" daemon [_thread_blocked, id=10304, stack(0x000000b409700000,0x000000b409800000)]
  0x0000022155232000 JavaThread "C2 CompilerThread0" daemon [_thread_blocked, id=31488, stack(0x000000b409800000,0x000000b409900000)]
  0x0000022155237800 JavaThread "C1 CompilerThread0" daemon [_thread_blocked, id=30188, stack(0x000000b409900000,0x000000b409a00000)]
  0x0000022155240800 JavaThread "Sweeper thread" daemon [_thread_blocked, id=8904, stack(0x000000b409a00000,0x000000b409b00000)]
  0x000002215539c000 JavaThread "JDWP Transport Listener: dt_socket" daemon [_thread_blocked, id=19744, stack(0x000000b409b00000,0x000000b409c00000)]
  0x000002215539f800 JavaThread "JDWP Event Helper Thread" daemon [_thread_blocked, id=6824, stack(0x000000b409c00000,0x000000b409d00000)]
  0x00000221553a2800 JavaThread "JDWP Command Reader" daemon [_thread_in_native, id=30348, stack(0x000000b409d00000,0x000000b409e00000)]
  0x00000221553b7000 JavaThread "Service Thread" daemon [_thread_blocked, id=22820, stack(0x000000b409e00000,0x000000b409f00000)]
  0x00000221553b0000 JavaThread "Common-Cleaner" daemon [_thread_blocked, id=8144, stack(0x000000b40a000000,0x000000b40a100000)]
  0x000002215587b800 JavaThread "pool-1-thread-1" [_thread_blocked, id=18596, stack(0x000000b40a200000,0x000000b40a300000)]
  0x000002215587f000 JavaThread "Thread-0" [_thread_in_native, id=6244, stack(0x000000b40a300000,0x000000b40a400000)]
  0x00000221311b1800 JavaThread "DestroyJavaVM" [_thread_blocked, id=25248, stack(0x000000b408d00000,0x000000b408e00000)]
  0x0000022158abe000 JavaThread "Thread-71" [_thread_in_native, id=19172, stack(0x000000b40bb00000,0x000000b40bc00000)]
  0x0000022156444800 JavaThread "Thread-251" [_thread_in_native, id=27408, stack(0x000000b40c300000,0x000000b40c400000)]
  0x000002215644a000 JavaThread "Thread-266" [_thread_in_native, id=1052, stack(0x000000b40b700000,0x000000b40b800000)]
  0x0000022158abf000 JavaThread "Thread-281" [_thread_in_native, id=33220, stack(0x000000b40b800000,0x000000b40b900000)]
  0x0000022157626000 JavaThread "Thread-296" [_thread_in_native, id=10708, stack(0x000000b40b900000,0x000000b40ba00000)]
  0x0000022157624000 JavaThread "Thread-297" [_thread_in_native, id=13520, stack(0x000000b408a00000,0x000000b408b00000)]
  0x0000022157627000 JavaThread "Thread-298" [_thread_in_native, id=14872, stack(0x000000b40a900000,0x000000b40aa00000)]
  0x0000022157623000 JavaThread "Thread-299" [_thread_in_native, id=5004, stack(0x000000b40aa00000,0x000000b40ab00000)]
  0x0000022157628000 JavaThread "Thread-300" [_thread_in_native, id=8392, stack(0x000000b40ac00000,0x000000b40ad00000)]
  0x0000022157622000 JavaThread "Thread-301" [_thread_in_native, id=3700, stack(0x000000b40ad00000,0x000000b40ae00000)]
  0x0000022157624800 JavaThread "Thread-302" [_thread_in_native, id=32200, stack(0x000000b40ae00000,0x000000b40af00000)]
  0x0000022157625800 JavaThread "Thread-303" [_thread_in_native, id=17296, stack(0x000000b40af00000,0x000000b40b000000)]
  0x0000022157628800 JavaThread "Thread-304" [_thread_in_native, id=11496, stack(0x000000b40b000000,0x000000b40b100000)]
  0x0000022158ab8800 JavaThread "Thread-305" [_thread_blocked, id=29628, stack(0x000000b40b100000,0x000000b40b200000)]

Other Threads:
=>0x0000022154988800 VMThread "VM Thread" [stack: 0x000000b409300000,0x000000b409400000] [id=23776]
  0x00000221553c2800 WatcherThread [stack: 0x000000b409f00000,0x000000b40a000000] [id=27280]
  0x0000022131215800 GCTaskThread "GC Thread#0" [stack: 0x000000b408e00000,0x000000b408f00000] [id=29416]
  0x0000022155b52800 GCTaskThread "GC Thread#1" [stack: 0x000000b408b00000,0x000000b408c00000] [id=15724]
  0x0000022155918800 GCTaskThread "GC Thread#2" [stack: 0x000000b408c00000,0x000000b408d00000] [id=27904]
  0x0000022155919000 GCTaskThread "GC Thread#3" [stack: 0x000000b40a100000,0x000000b40a200000] [id=10124]
  0x0000022155919800 GCTaskThread "GC Thread#4" [stack: 0x000000b40a400000,0x000000b40a500000] [id=27804]
  0x000002215591a800 GCTaskThread "GC Thread#5" [stack: 0x000000b40a500000,0x000000b40a600000] [id=35556]
  0x0000022155929800 GCTaskThread "GC Thread#6" [stack: 0x000000b40a600000,0x000000b40a700000] [id=20252]
  0x000002215592a000 GCTaskThread "GC Thread#7" [stack: 0x000000b40a700000,0x000000b40a800000] [id=9504]
  0x0000022131230000 ConcurrentGCThread "G1 Main Marker" [stack: 0x000000b408f00000,0x000000b409000000] [id=17484]
  0x0000022131232800 ConcurrentGCThread "G1 Conc#0" [stack: 0x000000b409000000,0x000000b409100000] [id=16656]
  0x0000022155939800 ConcurrentGCThread "G1 Conc#1" [stack: 0x000000b40ab00000,0x000000b40ac00000] [id=31048]
  0x0000022154885800 ConcurrentGCThread "G1 Refine#0" [stack: 0x000000b409100000,0x000000b409200000] [id=37392]
  0x0000022155532000 ConcurrentGCThread "G1 Refine#1" [stack: 0x000000b40a800000,0x000000b40a900000] [id=38192]
  0x0000022154888800 ConcurrentGCThread "G1 Young RemSet Sampling" [stack: 0x000000b409200000,0x000000b409300000] [id=11044]

Threads with active compile tasks:

VM state:at safepoint (normal execution)

VM Mutex/Monitor currently owned by a thread:  ([mutex/lock_event])
[0x00000221311ae520] Threads_lock - owner thread: 0x0000022154988800
[0x00000221311af450] Heap_lock - owner thread: 0x0000022158ab8800

Heap address: 0x0000000704c00000, size: 4020 MB, Compressed Oops mode: Zero based, Oop shift amount: 3
Narrow klass base: 0x0000000800000000, Narrow klass shift: 3
Compressed class space size: 1073741824 Address: 0x0000000801190000

Heap:
 garbage-first heap   total 95232K, used 48378K [0x0000000704c00000, 0x0000000800000000)
  region size 1024K, 0 young (0K), 0 survivors (0K)
 Metaspace       used 11922K, capacity 12572K, committed 13952K, reserved 1060864K
  class space    used 1000K, capacity 1190K, committed 1664K, reserved 1048576K
Heap Regions: E=young(eden), S=young(survivor), O=old, HS=humongous(starts), HC=humongous(continues), CS=collection set, F=free, A=archive, TAMS=top-at-mark-start (previous, next)
|   0|0x0000000704c00000, 0x0000000704cffff0, 0x0000000704d00000| 99%| O|  |TAMS 0x0000000704c00000, 0x0000000704c00000| Untracked 
|   1|0x0000000704d00000, 0x0000000704e00000, 0x0000000704e00000|100%| O|  |TAMS 0x0000000704d00000, 0x0000000704d00000| Untracked 
|   2|0x0000000704e00000, 0x0000000704effff0, 0x0000000704f00000| 99%| O|  |TAMS 0x0000000704e00000, 0x0000000704e00000| Untracked 
|   3|0x0000000704f00000, 0x0000000704fffff8, 0x0000000705000000| 99%| O|  |TAMS 0x0000000704f00000, 0x0000000704f00000| Untracked 
|   4|0x0000000705000000, 0x0000000705100000, 0x0000000705100000|100%| O|  |TAMS 0x0000000705000000, 0x0000000705000000| Untracked 
|   5|0x0000000705100000, 0x00000007051ffff8, 0x0000000705200000| 99%| O|  |TAMS 0x0000000705100000, 0x0000000705100000| Untracked 
|   6|0x0000000705200000, 0x00000007052ffff0, 0x0000000705300000| 99%| O|  |TAMS 0x0000000705200000, 0x0000000705200000| Untracked 
|   7|0x0000000705300000, 0x00000007053ffff8, 0x0000000705400000| 99%| O|  |TAMS 0x0000000705300000, 0x0000000705300000| Untracked 
|   8|0x0000000705400000, 0x0000000705500000, 0x0000000705500000|100%| O|  |TAMS 0x0000000705400000, 0x0000000705400000| Untracked 
|   9|0x0000000705500000, 0x00000007055ffff8, 0x0000000705600000| 99%| O|  |TAMS 0x0000000705500000, 0x0000000705500000| Untracked 
|  10|0x0000000705600000, 0x00000007056ffff0, 0x0000000705700000| 99%| O|  |TAMS 0x0000000705600000, 0x0000000705600000| Untracked 
|  11|0x0000000705700000, 0x00000007057ffff0, 0x0000000705800000| 99%| O|  |TAMS 0x0000000705700000, 0x0000000705700000| Untracked 
|  12|0x0000000705800000, 0x00000007058ffff8, 0x0000000705900000| 99%| O|  |TAMS 0x0000000705800000, 0x0000000705800000| Untracked 
|  13|0x0000000705900000, 0x00000007059ffff0, 0x0000000705a00000| 99%| O|  |TAMS 0x0000000705900000, 0x0000000705900000| Untracked 
|  14|0x0000000705a00000, 0x0000000705affff0, 0x0000000705b00000| 99%| O|  |TAMS 0x0000000705a00000, 0x0000000705a00000| Untracked 
|  15|0x0000000705b00000, 0x0000000705bffff0, 0x0000000705c00000| 99%| O|  |TAMS 0x0000000705b00000, 0x0000000705b00000| Untracked 
|  16|0x0000000705c00000, 0x0000000705cffff8, 0x0000000705d00000| 99%| O|  |TAMS 0x0000000705c00000, 0x0000000705c00000| Untracked 
|  17|0x0000000705d00000, 0x0000000705e00000, 0x0000000705e00000|100%|HS|  |TAMS 0x0000000705d00000, 0x0000000705d00000| Untracked 
|  18|0x0000000705e00000, 0x0000000705f00000, 0x0000000705f00000|100%|HC|  |TAMS 0x0000000705e00000, 0x0000000705e00000| Untracked 
|  19|0x0000000705f00000, 0x0000000706000000, 0x0000000706000000|100%|HC|  |TAMS 0x0000000705f00000, 0x0000000705f00000| Untracked 
|  20|0x0000000706000000, 0x0000000706100000, 0x0000000706100000|100%|HC|  |TAMS 0x0000000706000000, 0x0000000706000000| Untracked 
|  21|0x0000000706100000, 0x0000000706200000, 0x0000000706200000|100%|HC|  |TAMS 0x0000000706100000, 0x0000000706100000| Untracked 
|  22|0x0000000706200000, 0x0000000706300000, 0x0000000706300000|100%|HC|  |TAMS 0x0000000706200000, 0x0000000706200000| Untracked 
|  23|0x0000000706300000, 0x00000007063fffe8, 0x0000000706400000| 99%| O|  |TAMS 0x0000000706300000, 0x0000000706300000| Untracked 
|  24|0x0000000706400000, 0x0000000706500000, 0x0000000706500000|100%|HS|  |TAMS 0x0000000706400000, 0x0000000706400000| Untracked 
|  25|0x0000000706500000, 0x0000000706600000, 0x0000000706600000|100%|HC|  |TAMS 0x0000000706500000, 0x0000000706500000| Untracked 
|  26|0x0000000706600000, 0x0000000706700000, 0x0000000706700000|100%|HC|  |TAMS 0x0000000706600000, 0x0000000706600000| Untracked 
|  27|0x0000000706700000, 0x0000000706800000, 0x0000000706800000|100%|HC|  |TAMS 0x0000000706700000, 0x0000000706700000| Untracked 
|  28|0x0000000706800000, 0x0000000706900000, 0x0000000706900000|100%|HC|  |TAMS 0x0000000706800000, 0x0000000706800000| Untracked 
|  29|0x0000000706900000, 0x0000000706a00000, 0x0000000706a00000|100%|HC|  |TAMS 0x0000000706900000, 0x0000000706900000| Untracked 
|  30|0x0000000706a00000, 0x0000000706affe98, 0x0000000706b00000| 99%| O|  |TAMS 0x0000000706a00000, 0x0000000706a00000| Untracked 
|  31|0x0000000706b00000, 0x0000000706bffff8, 0x0000000706c00000| 99%| O|  |TAMS 0x0000000706b00000, 0x0000000706b00000| Untracked 
|  32|0x0000000706c00000, 0x0000000706d00000, 0x0000000706d00000|100%|HS|  |TAMS 0x0000000706c00000, 0x0000000706c00000| Untracked 
|  33|0x0000000706d00000, 0x0000000706e00000, 0x0000000706e00000|100%|HC|  |TAMS 0x0000000706d00000, 0x0000000706d00000| Untracked 
|  34|0x0000000706e00000, 0x0000000706f00000, 0x0000000706f00000|100%|HC|  |TAMS 0x0000000706e00000, 0x0000000706e00000| Untracked 
|  35|0x0000000706f00000, 0x0000000707000000, 0x0000000707000000|100%|HC|  |TAMS 0x0000000706f00000, 0x0000000706f00000| Untracked 
|  36|0x0000000707000000, 0x0000000707100000, 0x0000000707100000|100%|HC|  |TAMS 0x0000000707000000, 0x0000000707000000| Untracked 
|  37|0x0000000707100000, 0x0000000707200000, 0x0000000707200000|100%|HC|  |TAMS 0x0000000707100000, 0x0000000707100000| Untracked 
|  38|0x0000000707200000, 0x00000007072ffff8, 0x0000000707300000| 99%| O|  |TAMS 0x0000000707200000, 0x0000000707200000| Untracked 
|  39|0x0000000707300000, 0x00000007073fffe8, 0x0000000707400000| 99%| O|  |TAMS 0x0000000707300000, 0x0000000707300000| Untracked 
|  40|0x0000000707400000, 0x0000000707500000, 0x0000000707500000|100%|HS|  |TAMS 0x0000000707400000, 0x0000000707400000| Untracked 
|  41|0x0000000707500000, 0x0000000707600000, 0x0000000707600000|100%|HC|  |TAMS 0x0000000707500000, 0x0000000707500000| Untracked 
|  42|0x0000000707600000, 0x0000000707700000, 0x0000000707700000|100%|HC|  |TAMS 0x0000000707600000, 0x0000000707600000| Untracked 
|  43|0x0000000707700000, 0x0000000707800000, 0x0000000707800000|100%|HC|  |TAMS 0x0000000707700000, 0x0000000707700000| Untracked 
|  44|0x0000000707800000, 0x0000000707900000, 0x0000000707900000|100%|HC|  |TAMS 0x0000000707800000, 0x0000000707800000| Untracked 
|  45|0x0000000707900000, 0x0000000707a00000, 0x0000000707a00000|100%|HC|  |TAMS 0x0000000707900000, 0x0000000707900000| Untracked 
|  46|0x0000000707a00000, 0x0000000707b00000, 0x0000000707b00000|100%| O|  |TAMS 0x0000000707a00000, 0x0000000707a00000| Untracked 
|  47|0x0000000707b00000, 0x0000000707b2ffc0, 0x0000000707c00000| 18%| O|  |TAMS 0x0000000707b00000, 0x0000000707b00000| Untracked 
|  48|0x0000000707c00000, 0x0000000707c0ee80, 0x0000000707d00000|  5%| O|  |TAMS 0x0000000707c00000, 0x0000000707c00000| Untracked 
|  49|0x0000000707d00000, 0x0000000707d00000, 0x0000000707e00000|  0%| F|  |TAMS 0x0000000707d00000, 0x0000000707d00000| Untracked 
|  50|0x0000000707e00000, 0x0000000707e00000, 0x0000000707f00000|  0%| F|  |TAMS 0x0000000707e00000, 0x0000000707e00000| Untracked 
|  51|0x0000000707f00000, 0x0000000707f00000, 0x0000000708000000|  0%| F|  |TAMS 0x0000000707f00000, 0x0000000707f00000| Untracked 
|  52|0x0000000708000000, 0x0000000708000000, 0x0000000708100000|  0%| F|  |TAMS 0x0000000708000000, 0x0000000708000000| Untracked 
|  53|0x0000000708100000, 0x0000000708100000, 0x0000000708200000|  0%| F|  |TAMS 0x0000000708100000, 0x0000000708100000| Untracked 
|  54|0x0000000708200000, 0x0000000708200000, 0x0000000708300000|  0%| F|  |TAMS 0x0000000708200000, 0x0000000708200000| Untracked 
|  55|0x0000000708300000, 0x0000000708300000, 0x0000000708400000|  0%| F|  |TAMS 0x0000000708300000, 0x0000000708300000| Untracked 
|  56|0x0000000708400000, 0x0000000708400000, 0x0000000708500000|  0%| F|  |TAMS 0x0000000708400000, 0x0000000708400000| Untracked 
|  57|0x0000000708500000, 0x0000000708500000, 0x0000000708600000|  0%| F|  |TAMS 0x0000000708500000, 0x0000000708500000| Untracked 
|  58|0x0000000708600000, 0x0000000708600000, 0x0000000708700000|  0%| F|  |TAMS 0x0000000708600000, 0x0000000708600000| Untracked 
|  59|0x0000000708700000, 0x0000000708700000, 0x0000000708800000|  0%| F|  |TAMS 0x0000000708700000, 0x0000000708700000| Untracked 
|  60|0x0000000708800000, 0x0000000708800000, 0x0000000708900000|  0%| F|  |TAMS 0x0000000708800000, 0x0000000708800000| Untracked 
|  61|0x0000000708900000, 0x0000000708900000, 0x0000000708a00000|  0%| F|  |TAMS 0x0000000708900000, 0x0000000708900000| Untracked 
|  62|0x0000000708a00000, 0x0000000708a00000, 0x0000000708b00000|  0%| F|  |TAMS 0x0000000708a00000, 0x0000000708a00000| Untracked 
|  63|0x0000000708b00000, 0x0000000708b00000, 0x0000000708c00000|  0%| F|  |TAMS 0x0000000708b00000, 0x0000000708b00000| Untracked 
|  64|0x0000000708c00000, 0x0000000708c00000, 0x0000000708d00000|  0%| F|  |TAMS 0x0000000708c00000, 0x0000000708c00000| Untracked 
|  65|0x0000000708d00000, 0x0000000708d00000, 0x0000000708e00000|  0%| F|  |TAMS 0x0000000708d00000, 0x0000000708d00000| Untracked 
|  66|0x0000000708e00000, 0x0000000708e00000, 0x0000000708f00000|  0%| F|  |TAMS 0x0000000708e00000, 0x0000000708e00000| Untracked 
|  67|0x0000000708f00000, 0x0000000708f00000, 0x0000000709000000|  0%| F|  |TAMS 0x0000000708f00000, 0x0000000708f00000| Untracked 
|  68|0x0000000709000000, 0x0000000709000000, 0x0000000709100000|  0%| F|  |TAMS 0x0000000709000000, 0x0000000709000000| Untracked 
|  69|0x0000000709100000, 0x0000000709100000, 0x0000000709200000|  0%| F|  |TAMS 0x0000000709100000, 0x0000000709100000| Untracked 
|  70|0x0000000709200000, 0x0000000709200000, 0x0000000709300000|  0%| F|  |TAMS 0x0000000709200000, 0x0000000709200000| Untracked 
|  71|0x0000000709300000, 0x0000000709300000, 0x0000000709400000|  0%| F|  |TAMS 0x0000000709300000, 0x0000000709300000| Untracked 
|  72|0x0000000709400000, 0x0000000709400000, 0x0000000709500000|  0%| F|  |TAMS 0x0000000709400000, 0x0000000709400000| Untracked 
|  73|0x0000000709500000, 0x0000000709500000, 0x0000000709600000|  0%| F|  |TAMS 0x0000000709500000, 0x0000000709500000| Untracked 
|  74|0x0000000709600000, 0x0000000709600000, 0x0000000709700000|  0%| F|  |TAMS 0x0000000709600000, 0x0000000709600000| Untracked 
|  75|0x0000000709700000, 0x0000000709700000, 0x0000000709800000|  0%| F|  |TAMS 0x0000000709700000, 0x0000000709700000| Untracked 
|  76|0x0000000709800000, 0x0000000709800000, 0x0000000709900000|  0%| F|  |TAMS 0x0000000709800000, 0x0000000709800000| Untracked 
|  77|0x0000000709900000, 0x0000000709900000, 0x0000000709a00000|  0%| F|  |TAMS 0x0000000709900000, 0x0000000709900000| Untracked 
|  78|0x0000000709a00000, 0x0000000709a00000, 0x0000000709b00000|  0%| F|  |TAMS 0x0000000709a00000, 0x0000000709a00000| Untracked 
|  79|0x0000000709b00000, 0x0000000709b00000, 0x0000000709c00000|  0%| F|  |TAMS 0x0000000709b00000, 0x0000000709b00000| Untracked 
|  80|0x0000000709c00000, 0x0000000709c00000, 0x0000000709d00000|  0%| F|  |TAMS 0x0000000709c00000, 0x0000000709c00000| Untracked 
|  81|0x0000000709d00000, 0x0000000709d00000, 0x0000000709e00000|  0%| F|  |TAMS 0x0000000709d00000, 0x0000000709d00000| Untracked 
|  82|0x0000000709e00000, 0x0000000709e00000, 0x0000000709f00000|  0%| F|  |TAMS 0x0000000709e00000, 0x0000000709e00000| Untracked 
|  83|0x0000000709f00000, 0x0000000709f00000, 0x000000070a000000|  0%| F|  |TAMS 0x0000000709f00000, 0x0000000709f00000| Untracked 
|  84|0x000000070a000000, 0x000000070a000000, 0x000000070a100000|  0%| F|  |TAMS 0x000000070a000000, 0x000000070a000000| Untracked 
|  85|0x000000070a100000, 0x000000070a100000, 0x000000070a200000|  0%| F|  |TAMS 0x000000070a100000, 0x000000070a100000| Untracked 
|  86|0x000000070a200000, 0x000000070a200000, 0x000000070a300000|  0%| F|  |TAMS 0x000000070a200000, 0x000000070a200000| Untracked 
|  87|0x000000070a300000, 0x000000070a300000, 0x000000070a400000|  0%| F|  |TAMS 0x000000070a300000, 0x000000070a300000| Untracked 
|  88|0x000000070a400000, 0x000000070a400000, 0x000000070a500000|  0%| F|  |TAMS 0x000000070a400000, 0x000000070a400000| Untracked 
|  89|0x000000070a500000, 0x000000070a500000, 0x000000070a600000|  0%| F|  |TAMS 0x000000070a500000, 0x000000070a500000| Untracked 
|  90|0x000000070a600000, 0x000000070a600000, 0x000000070a700000|  0%| F|  |TAMS 0x000000070a600000, 0x000000070a600000| Untracked 
|  91|0x000000070a700000, 0x000000070a700000, 0x000000070a800000|  0%| F|  |TAMS 0x000000070a700000, 0x000000070a700000| Untracked 
|  92|0x000000070a800000, 0x000000070a800000, 0x000000070a900000|  0%| F|  |TAMS 0x000000070a800000, 0x000000070a800000| Untracked 

Card table byte_map: [0x00000221490c0000,0x00000221498a0000] _byte_map_base: 0x000002214589a000

Marking Bits (Prev, Next): (CMBitMap*) 0x0000022131216b08, (CMBitMap*) 0x0000022131216ac8
 Prev Bits: [0x000002214df50000, 0x0000022151e20000)
 Next Bits: [0x000002214a080000, 0x000002214df50000)

Polling page: 0x000002212f1c0000

Metaspace:

Usage:
  Non-class:     11.12 MB capacity,    10.67 MB ( 96%) used,   420.80 KB (  4%) free+waste,    38.44 KB ( <1%) overhead. 
      Class:      1.16 MB capacity,  1000.12 KB ( 84%) used,   174.63 KB ( 15%) free+waste,    15.25 KB (  1%) overhead. 
       Both:     12.28 MB capacity,    11.64 MB ( 95%) used,   595.43 KB (  5%) free+waste,    53.69 KB ( <1%) overhead. 

Virtual space:
  Non-class space:       12.00 MB reserved,      12.00 MB (100%) committed 
      Class space:        1.00 GB reserved,       1.63 MB ( <1%) committed 
             Both:        1.01 GB reserved,      13.63 MB (  1%) committed 

Chunk freelists:
   Non-Class:  105.25 KB
       Class:  51.38 KB
        Both:  156.63 KB

CodeHeap 'non-profiled nmethods': size=120000Kb used=13748Kb max_used=13748Kb free=106251Kb
 bounds [0x0000022141080000, 0x0000022141df0000, 0x00000221485b0000]
CodeHeap 'profiled nmethods': size=120000Kb used=10053Kb max_used=10979Kb free=109946Kb
 bounds [0x0000022139b50000, 0x000002213a640000, 0x0000022141080000]
CodeHeap 'non-nmethods': size=5760Kb used=1307Kb max_used=1638Kb free=4452Kb
 bounds [0x00000221395b0000, 0x0000022139820000, 0x0000022139b50000]
 total_blobs=11181 nmethods=5080 adapters=471
 compilation: enabled
              stopped_count=0, restarted_count=0
 full_count=0

Compilation events (10 events):
Event: 5117.257 Thread 0x0000022155237800 7593       3       jxl.read.biff.SupbookRecord::readExternal (271 bytes)
Event: 5117.276 Thread 0x0000022155237800 nmethod 7593 0x000002213a200310 code [0x000002213a200600, 0x000002213a201c00]
Event: 5118.027 Thread 0x0000022155232000 7594       4       jess.HasLHS::if (134 bytes)
Event: 5118.030 Thread 0x0000022155232000 nmethod 7594 0x0000022141de7990 code [0x0000022141de7b80, 0x0000022141de8168]
Event: 5138.277 Thread 0x0000022155232000 7595   !   4       java.io.ObjectStreamClass::lookup (334 bytes)
Event: 5138.283 Thread 0x0000022155232000 nmethod 7595 0x0000022141de8590 code [0x0000022141de87a0, 0x0000022141de9098]
Event: 5138.283 Thread 0x0000022155232000 7597       4       java.io.ObjectStreamClass$FieldReflectorKey::<init> (95 bytes)
Event: 5138.320 Thread 0x0000022155232000 nmethod 7597 0x0000022141de9410 code [0x0000022141de96a0, 0x0000022141debfd0]
Event: 5138.320 Thread 0x0000022155232000 7596   !   4       java.io.ObjectStreamClass::getReflector (335 bytes)
Event: 5138.325 Thread 0x0000022155232000 nmethod 7596 0x0000022141ded090 code [0x0000022141ded280, 0x0000022141dedb38]

GC Heap History (10 events):
Event: 5143.121 GC heap before
{Heap before GC invocations=26123 (full 22247):
 garbage-first heap   total 95232K, used 48241K [0x0000000704c00000, 0x0000000800000000)
  region size 1024K, 1 young (1024K), 0 survivors (0K)
 Metaspace       used 11922K, capacity 12572K, committed 13952K, reserved 1060864K
  class space    used 1000K, capacity 1190K, committed 1664K, reserved 1048576K
}
Event: 5143.154 GC heap after
{Heap after GC invocations=26124 (full 22248):
 garbage-first heap   total 95232K, used 48255K [0x0000000704c00000, 0x0000000800000000)
  region size 1024K, 0 young (0K), 0 survivors (0K)
 Metaspace       used 11922K, capacity 12572K, committed 13952K, reserved 1060864K
  class space    used 1000K, capacity 1190K, committed 1664K, reserved 1048576K
}
Event: 5143.156 GC heap before
{Heap before GC invocations=26124 (full 22248):
 garbage-first heap   total 95232K, used 49279K [0x0000000704c00000, 0x0000000800000000)
  region size 1024K, 2 young (2048K), 0 survivors (0K)
 Metaspace       used 11922K, capacity 12572K, committed 13952K, reserved 1060864K
  class space    used 1000K, capacity 1190K, committed 1664K, reserved 1048576K
}
Event: 5143.187 GC heap after
{Heap after GC invocations=26125 (full 22249):
 garbage-first heap   total 95232K, used 48299K [0x0000000704c00000, 0x0000000800000000)
  region size 1024K, 0 young (0K), 0 survivors (0K)
 Metaspace       used 11922K, capacity 12572K, committed 13952K, reserved 1060864K
  class space    used 1000K, capacity 1190K, committed 1664K, reserved 1048576K
}
Event: 5143.187 GC heap before
{Heap before GC invocations=26125 (full 22249):
 garbage-first heap   total 95232K, used 48299K [0x0000000704c00000, 0x0000000800000000)
  region size 1024K, 0 young (0K), 0 survivors (0K)
 Metaspace       used 11922K, capacity 12572K, committed 13952K, reserved 1060864K
  class space    used 1000K, capacity 1190K, committed 1664K, reserved 1048576K
}
Event: 5143.219 GC heap after
{Heap after GC invocations=26126 (full 22250):
 garbage-first heap   total 95232K, used 48299K [0x0000000704c00000, 0x0000000800000000)
  region size 1024K, 0 young (0K), 0 survivors (0K)
 Metaspace       used 11922K, capacity 12572K, committed 13952K, reserved 1060864K
  class space    used 1000K, capacity 1190K, committed 1664K, reserved 1048576K
}
Event: 5143.219 GC heap before
{Heap before GC invocations=26126 (full 22250):
 garbage-first heap   total 95232K, used 48299K [0x0000000704c00000, 0x0000000800000000)
  region size 1024K, 1 young (1024K), 0 survivors (0K)
 Metaspace       used 11922K, capacity 12572K, committed 13952K, reserved 1060864K
  class space    used 1000K, capacity 1190K, committed 1664K, reserved 1048576K
}
Event: 5143.251 GC heap after
{Heap after GC invocations=26127 (full 22251):
 garbage-first heap   total 95232K, used 48319K [0x0000000704c00000, 0x0000000800000000)
  region size 1024K, 0 young (0K), 0 survivors (0K)
 Metaspace       used 11922K, capacity 12572K, committed 13952K, reserved 1060864K
  class space    used 1000K, capacity 1190K, committed 1664K, reserved 1048576K
}
Event: 5143.254 GC heap before
{Heap before GC invocations=26127 (full 22251):
 garbage-first heap   total 95232K, used 49343K [0x0000000704c00000, 0x0000000800000000)
  region size 1024K, 2 young (2048K), 0 survivors (0K)
 Metaspace       used 11922K, capacity 12572K, committed 13952K, reserved 1060864K
  class space    used 1000K, capacity 1190K, committed 1664K, reserved 1048576K
}
Event: 5143.293 GC heap after
{Heap after GC invocations=26128 (full 22252):
 garbage-first heap   total 95232K, used 48378K [0x0000000704c00000, 0x0000000800000000)
  region size 1024K, 0 young (0K), 0 survivors (0K)
 Metaspace       used 11922K, capacity 12572K, committed 13952K, reserved 1060864K
  class space    used 1000K, capacity 1190K, committed 1664K, reserved 1048576K
}

Deoptimization events (10 events):
Event: 4265.016 Thread 0x0000022156dcd800 Uncommon trap: reason=unstable_if action=reinterpret pc=0x000002214144dfb8 method=jdk.internal.math.FloatingDecimal$BinaryToASCIIBuffer.dtoa(IJIZ)V @ 978 c2
Event: 4318.822 Thread 0x0000022158abc800 Uncommon trap: reason=profile_predicate action=maybe_recompile pc=0x0000022141bb650c method=seakers.vassarheur.JessInitializer.loadMeasurementTemplate(Ljess/Rete;Ljxl/Workbook;)V @ 283 c2
Event: 4328.272 Thread 0x0000022158aba000 Uncommon trap: reason=profile_predicate action=maybe_recompile pc=0x0000022141bb650c method=seakers.vassarheur.JessInitializer.loadMeasurementTemplate(Ljess/Rete;Ljxl/Workbook;)V @ 283 c2
Event: 4337.250 Thread 0x0000022158abc800 Uncommon trap: reason=profile_predicate action=maybe_recompile pc=0x0000022141bb650c method=seakers.vassarheur.JessInitializer.loadMeasurementTemplate(Ljess/Rete;Ljxl/Workbook;)V @ 283 c2
Event: 4345.568 Thread 0x0000022158abf000 Uncommon trap: reason=profile_predicate action=maybe_recompile pc=0x0000022141bb650c method=seakers.vassarheur.JessInitializer.loadMeasurementTemplate(Ljess/Rete;Ljxl/Workbook;)V @ 283 c2
Event: 4428.174 Thread 0x0000022156449800 Uncommon trap: reason=profile_predicate action=maybe_recompile pc=0x0000022141bb004c method=sun.security.provider.HashDrbg.addBytes([BI[[B)V @ 36 c2
Event: 4428.174 Thread 0x0000022156449800 Uncommon trap: reason=profile_predicate action=maybe_recompile pc=0x0000022141bb004c method=sun.security.provider.HashDrbg.addBytes([BI[[B)V @ 36 c2
Event: 4428.174 Thread 0x0000022156449800 Uncommon trap: reason=profile_predicate action=maybe_recompile pc=0x0000022141bb004c method=sun.security.provider.HashDrbg.addBytes([BI[[B)V @ 36 c2
Event: 4435.947 Thread 0x0000022156444800 Uncommon trap: reason=profile_predicate action=maybe_recompile pc=0x0000022141bb004c method=sun.security.provider.HashDrbg.addBytes([BI[[B)V @ 36 c2
Event: 4531.416 Thread 0x0000022156dc9000 Uncommon trap: reason=unstable_if action=reinterpret pc=0x0000022141a3304c method=sun.util.locale.provider.LocaleResources.removeEmptyReferences()V @ 9 c2

Classes redefined (0 events):
No events

Internal exceptions (10 events):
Event: 5134.584 Thread 0x0000022157628800 Exception <a 'java/lang/ClassNotFoundException'{0x000000070b20c478}: sun/net/www/protocol/c/Handler> (0x000000070b20c478) thrown at [t:/workspace/open/src/hotspot/share/classfile/systemDictionary.cpp, line 235]
Event: 5141.288 Thread 0x0000022158ab8800 Exception <a 'java/io/FileNotFoundException'{0x000000070cf7d478}> (0x000000070cf7d478) thrown at [t:/workspace/open/src/hotspot/share/prims/jni.cpp, line 615]
Event: 5141.355 Thread 0x0000022158ab8800 Exception <a 'java/lang/ClassNotFoundException'{0x0000000709b2c7d0}: sun/net/www/protocol/c/Handler> (0x0000000709b2c7d0) thrown at [t:/workspace/open/src/hotspot/share/classfile/systemDictionary.cpp, line 235]
Event: 5141.772 Thread 0x0000022158ab8800 Exception <a 'java/lang/ClassNotFoundException'{0x00000007097eea88}: sun/net/www/protocol/c/Handler> (0x00000007097eea88) thrown at [t:/workspace/open/src/hotspot/share/classfile/systemDictionary.cpp, line 235]
Event: 5141.773 Thread 0x0000022158ab8800 Exception <a 'java/lang/ClassNotFoundException'{0x00000007096080e0}: sun/net/www/protocol/c/Handler> (0x00000007096080e0) thrown at [t:/workspace/open/src/hotspot/share/classfile/systemDictionary.cpp, line 235]
Event: 5141.774 Thread 0x0000022158ab8800 Exception <a 'java/lang/ClassNotFoundException'{0x0000000709620bb0}: sun/net/www/protocol/c/Handler> (0x0000000709620bb0) thrown at [t:/workspace/open/src/hotspot/share/classfile/systemDictionary.cpp, line 235]
Event: 5141.835 Thread 0x0000022158ab8800 Exception <a 'java/lang/ClassNotFoundException'{0x00000007098f5198}: sun/net/www/protocol/c/Handler> (0x00000007098f5198) thrown at [t:/workspace/open/src/hotspot/share/classfile/systemDictionary.cpp, line 235]
Event: 5141.927 Thread 0x0000022158ab8800 Exception <a 'java/lang/ClassNotFoundException'{0x000000070980b670}: sun/net/www/protocol/c/Handler> (0x000000070980b670) thrown at [t:/workspace/open/src/hotspot/share/classfile/systemDictionary.cpp, line 235]
Event: 5141.998 Thread 0x0000022158ab8800 Exception <a 'java/lang/ClassNotFoundException'{0x0000000709806080}: sun/net/www/protocol/c/Handler> (0x0000000709806080) thrown at [t:/workspace/open/src/hotspot/share/classfile/systemDictionary.cpp, line 235]
Event: 5142.339 Thread 0x0000022158ab8800 Exception <a 'java/lang/ClassNotFoundException'{0x000000070a80c478}: sun/net/www/protocol/c/Handler> (0x000000070a80c478) thrown at [t:/workspace/open/src/hotspot/share/classfile/systemDictionary.cpp, line 235]

Events (10 events):
Event: 5143.154 Executing VM operation: G1CollectFull done
Event: 5143.156 Executing VM operation: G1CollectFull
Event: 5143.187 Executing VM operation: G1CollectFull done
Event: 5143.187 Executing VM operation: G1CollectFull
Event: 5143.219 Executing VM operation: G1CollectFull done
Event: 5143.219 Executing VM operation: G1CollectFull
Event: 5143.251 Executing VM operation: G1CollectFull done
Event: 5143.254 Executing VM operation: G1CollectFull
Event: 5143.293 Executing VM operation: G1CollectFull done
Event: 5143.293 Executing VM operation: G1CollectFull


Dynamic libraries:
0x00007ff656480000 - 0x00007ff65648f000 	C:\Program Files\Java\jdk-12.0.2\bin\java.exe
0x00007fffa1a50000 - 0x00007fffa1c64000 	C:\WINDOWS\SYSTEM32\ntdll.dll
0x00007fffa0660000 - 0x00007fffa0722000 	C:\WINDOWS\System32\KERNEL32.DLL
0x00007fff9f240000 - 0x00007fff9f5e3000 	C:\WINDOWS\System32\KERNELBASE.dll
0x00007fff9f120000 - 0x00007fff9f231000 	C:\WINDOWS\System32\ucrtbase.dll
0x00007fff48ca0000 - 0x00007fff48cb8000 	C:\Program Files\Java\jdk-12.0.2\bin\jli.dll
0x00007fff477d0000 - 0x00007fff477e6000 	C:\Program Files\Java\jdk-12.0.2\bin\VCRUNTIME140.dll
0x00007fffa08e0000 - 0x00007fffa098e000 	C:\WINDOWS\System32\ADVAPI32.dll
0x00007fffa0330000 - 0x00007fffa03d7000 	C:\WINDOWS\System32\msvcrt.dll
0x00007fff9fca0000 - 0x00007fff9fd44000 	C:\WINDOWS\System32\sechost.dll
0x00007fffa0730000 - 0x00007fffa0847000 	C:\WINDOWS\System32\RPCRT4.dll
0x00007fff9faf0000 - 0x00007fff9fc9b000 	C:\WINDOWS\System32\USER32.dll
0x00007fff9f660000 - 0x00007fff9f686000 	C:\WINDOWS\System32\win32u.dll
0x00007fff9fe00000 - 0x00007fff9fe29000 	C:\WINDOWS\System32\GDI32.dll
0x00007fff9f690000 - 0x00007fff9f7a9000 	C:\WINDOWS\System32\gdi32full.dll
0x00007fff90d40000 - 0x00007fff90fce000 	C:\WINDOWS\WinSxS\amd64_microsoft.windows.common-controls_6595b64144ccf1df_6.0.22621.1635_none_270f70857386168e\COMCTL32.dll
0x00007fff9ee50000 - 0x00007fff9eeea000 	C:\WINDOWS\System32\msvcp_win.dll
0x00007fff93a70000 - 0x00007fff93a7a000 	C:\WINDOWS\SYSTEM32\VERSION.dll
0x00007fffa1760000 - 0x00007fffa1791000 	C:\WINDOWS\System32\IMM32.DLL
0x00007fff27670000 - 0x00007fff2771a000 	C:\Program Files\Java\jdk-12.0.2\bin\msvcp140.dll
0x00007fff204b0000 - 0x00007fff21027000 	C:\Program Files\Java\jdk-12.0.2\bin\server\jvm.dll
0x00007fffa0630000 - 0x00007fffa0638000 	C:\WINDOWS\System32\PSAPI.DLL
0x00007fff92640000 - 0x00007fff92674000 	C:\WINDOWS\SYSTEM32\WINMM.dll
0x00007fff8ecd0000 - 0x00007fff8ecd9000 	C:\WINDOWS\SYSTEM32\WSOCK32.dll
0x00007fffa0850000 - 0x00007fffa08c1000 	C:\WINDOWS\System32\WS2_32.dll
0x00007fff9df90000 - 0x00007fff9dfa8000 	C:\WINDOWS\SYSTEM32\kernel.appcore.dll
0x00007fff49030000 - 0x00007fff49041000 	C:\Program Files\Java\jdk-12.0.2\bin\verify.dll
0x00007fff9c230000 - 0x00007fff9c45e000 	C:\WINDOWS\SYSTEM32\DBGHELP.DLL
0x00007fffa13d0000 - 0x00007fffa1759000 	C:\WINDOWS\System32\combase.dll
0x00007fffa0af0000 - 0x00007fffa0bc7000 	C:\WINDOWS\System32\OLEAUT32.dll
0x00007fff8f660000 - 0x00007fff8f692000 	C:\WINDOWS\SYSTEM32\dbgcore.DLL
0x00007fff9f7b0000 - 0x00007fff9f82b000 	C:\WINDOWS\System32\bcryptPrimitives.dll
0x00007fff2d9e0000 - 0x00007fff2da06000 	C:\Program Files\Java\jdk-12.0.2\bin\java.dll
0x00007fff7e740000 - 0x00007fff7e778000 	C:\Program Files\Java\jdk-12.0.2\bin\jdwp.dll
0x00007fff3ed50000 - 0x00007fff3ed67000 	C:\Program Files\Java\jdk-12.0.2\bin\zip.dll
0x00007fff88ab0000 - 0x00007fff88aba000 	C:\Program Files\Java\jdk-12.0.2\bin\jimage.dll
0x00007fffa0bd0000 - 0x00007fffa13ca000 	C:\WINDOWS\System32\SHELL32.dll
0x00007fff9ce50000 - 0x00007fff9d71e000 	C:\WINDOWS\SYSTEM32\windows.storage.dll
0x00007fff9cd10000 - 0x00007fff9ce4e000 	C:\WINDOWS\SYSTEM32\wintypes.dll
0x00007fffa09f0000 - 0x00007fffa0ae1000 	C:\WINDOWS\System32\SHCORE.dll
0x00007fffa19b0000 - 0x00007fffa1a0e000 	C:\WINDOWS\System32\shlwapi.dll
0x00007fff9ed80000 - 0x00007fff9eda1000 	C:\WINDOWS\SYSTEM32\profapi.dll
0x00007fff8f620000 - 0x00007fff8f62a000 	C:\Program Files\Java\jdk-12.0.2\bin\dt_socket.dll
0x00007fff9e400000 - 0x00007fff9e469000 	C:\WINDOWS\system32\mswsock.dll
0x00007fff34e70000 - 0x00007fff34e89000 	C:\Program Files\Java\jdk-12.0.2\bin\net.dll
0x00007fff82580000 - 0x00007fff8276f000 	C:\WINDOWS\SYSTEM32\urlmon.dll
0x00007fff95d20000 - 0x00007fff95e57000 	C:\WINDOWS\SYSTEM32\WINHTTP.dll
0x00007fff86520000 - 0x00007fff867d1000 	C:\WINDOWS\SYSTEM32\iertutil.dll
0x00007fff82550000 - 0x00007fff82578000 	C:\WINDOWS\SYSTEM32\srvcli.dll
0x00007fff9d9f0000 - 0x00007fff9d9fc000 	C:\WINDOWS\SYSTEM32\netutils.dll
0x00007fff2cea0000 - 0x00007fff2ceb3000 	C:\Program Files\Java\jdk-12.0.2\bin\nio.dll
0x00007fff9e660000 - 0x00007fff9e67b000 	C:\WINDOWS\SYSTEM32\CRYPTSP.dll
0x00007fff9df00000 - 0x00007fff9df35000 	C:\WINDOWS\system32\rsaenh.dll
0x00007fff9e500000 - 0x00007fff9e528000 	C:\WINDOWS\SYSTEM32\USERENV.dll
0x00007fff9e820000 - 0x00007fff9e848000 	C:\WINDOWS\SYSTEM32\bcrypt.dll
0x00007fff9e680000 - 0x00007fff9e68c000 	C:\WINDOWS\SYSTEM32\CRYPTBASE.dll
0x00007fff9da00000 - 0x00007fff9da2d000 	C:\WINDOWS\SYSTEM32\IPHLPAPI.DLL
0x00007fffa08d0000 - 0x00007fffa08d9000 	C:\WINDOWS\System32\NSI.dll
0x00007fff8e800000 - 0x00007fff8e819000 	C:\WINDOWS\SYSTEM32\dhcpcsvc6.DLL
0x00007fff8e710000 - 0x00007fff8e72f000 	C:\WINDOWS\SYSTEM32\dhcpcsvc.DLL
0x00007fff9da30000 - 0x00007fff9db23000 	C:\WINDOWS\SYSTEM32\DNSAPI.dll

dbghelp: loaded successfully - version: 4.0.5 - missing functions: none
symbol engine: initialized successfully - sym options: 0x614 - pdb path: .;C:\Program Files\Java\jdk-12.0.2\bin;C:\WINDOWS\SYSTEM32;C:\WINDOWS\WinSxS\amd64_microsoft.windows.common-controls_6595b64144ccf1df_6.0.22621.1635_none_270f70857386168e;C:\Program Files\Java\jdk-12.0.2\bin\server

VM Arguments:
jvm_args: -agentlib:jdwp=transport=dt_socket,server=n,suspend=y,address=127.0.0.1:64191 -Dfile.encoding=windows-1252 -Duser.country=ES -Duser.language=es -Duser.variant 
java_command: seakers.vassargenerative.gatewayserver.GatewayServerGen
java_class_path (initial): C:\Users\dforn\Documents\TEXASAM\PROJECTS\VASSAR_generative\build\classes\java\main;C:\Users\dforn\Documents\TEXASAM\PROJECTS\VASSAR_generative\build\resources\main;C:\Users\dforn\Documents\TEXASAM\PROJECTS\VASSAR_lib\jess.jar;C:\Users\dforn\.m2\repository\seakers\vassarexecheur\1.0\vassarexecheur-1.0.jar;C:\Users\dforn\.m2\repository\seakers\engineer-server\1.0\engineer-server-1.0.jar;C:\Users\dforn\.m2\repository\seakers\vassarheur\1.0\vassarheur-1.0.jar;C:\Users\dforn\.m2\repository\seakers\EOSSAIAA\1.0-SNAPSHOT\EOSSAIAA-1.0-SNAPSHOT.jar;C:\Users\dforn\.m2\repository\seakers\system-architecture-problems\1.0\system-architecture-problems-1.0.jar;C:\Users\dforn\.m2\repository\seakers\vassar\1.0\vassar-1.0.jar;C:\Users\dforn\.m2\repository\seakers\orekit\1.0\orekit-1.0.jar;C:\Users\dforn\.m2\repository\seakers\mopAOS\1.0\mopAOS-1.0.jar;C:\Users\dforn\.gradle\caches\modules-2\files-2.1\org.moeaframework\moeaframework\2.12\e551643b97a0e708f5d423a41f1effa4a2a1035f\moeaframework-2.12.jar;C:\Users\dforn\.gradle\caches\modules-2\files-2.1\net.sf.py4j\py4j\0.10.9.7\e444374109f6f3ffdfdbd4e7dc5a89122b0c9134\py4j-0.10.9.7.jar;C:\Users\dforn\.gradle\caches\modules-2\files-2.1\commons-cli\commons-cli\1.2\2bf96b7aa8b611c177d329452af1dc933e14501c\commons-cli-1.2.jar;C:\Users\dforn\.gradle\caches\modules-2\files-2.1\org.apache.thrift\libthrift\0.12.0\300bfbee03c7afa77301fb0946115e400e28ae04\libthrift-0.12.0.jar;C:\Users\dforn\.gradle\caches\modules-2\files-2.1\org.apache.httpcomponents\httpclient\4.5.6\1afe5621985efe90a92d0fbc9be86271efbe796f\httpclient-4.5.6.jar;C:\Users\dforn\.gradle\caches\modules-2\files-2.1\commons-codec\commons-codec\1.10\4b95f4897fa13f2cd904aee711aeafc0c5295cd8\commons-codec-1.10.jar;C:\Users\dforn\.gradle\caches\modules-2\files-2.1\org.apache.commons\commons-lang3\3.9\122c7cee69b53ed4a7681c03d4ee4c0e2765da5\commons-lang3-3.9.jar;C:\Users\dforn\.gradle\caches\modules-2\files-2.1\org.apache.commons\commons-math3\3.6.1\e4ba98f1d4b3
Launcher Type: SUN_STANDARD

[Global flags]
     intx CICompilerCount                          = 4                                         {product} {ergonomic}
     uint ConcGCThreads                            = 2                                         {product} {ergonomic}
     uint G1ConcRefinementThreads                  = 8                                         {product} {ergonomic}
   size_t G1HeapRegionSize                         = 1048576                                   {product} {ergonomic}
    uintx GCDrainStackTargetSize                   = 64                                        {product} {ergonomic}
   size_t InitialHeapSize                          = 264241152                                 {product} {ergonomic}
   size_t MarkStackSize                            = 4194304                                   {product} {ergonomic}
   size_t MaxHeapSize                              = 4215275520                                {product} {ergonomic}
   size_t MaxNewSize                               = 2529165312                                {product} {ergonomic}
   size_t MinHeapDeltaBytes                        = 1048576                                   {product} {ergonomic}
    uintx NonNMethodCodeHeapSize                   = 5836300                                {pd product} {ergonomic}
    uintx NonProfiledCodeHeapSize                  = 122910970                              {pd product} {ergonomic}
    uintx ProfiledCodeHeapSize                     = 122910970                              {pd product} {ergonomic}
    uintx ReservedCodeCacheSize                    = 251658240                              {pd product} {ergonomic}
     bool SegmentedCodeCache                       = true                                      {product} {ergonomic}
     bool UseCompressedClassPointers               = true                                 {lp64_product} {ergonomic}
     bool UseCompressedOops                        = true                                 {lp64_product} {ergonomic}
     bool UseG1GC                                  = true                                      {product} {ergonomic}
     bool UseLargePagesIndividualAllocation        = false                                  {pd product} {ergonomic}

Logging:
Log output configuration:
 #0: stdout all=warning uptime,level,tags
 #1: stderr all=off uptime,level,tags

Environment Variables:
JAVA_HOME=C:\Program Files\Java\jdk-12.0.2
PATH=C:\Program Files\Java\jdk-12.0.2\bin;C:\Program Files\Common Files\Oracle\Java\javapath;C:\Program Files (x86)\Common Files\Oracle\Java\javapath;C:\WINDOWS\system32;C:\WINDOWS;C:\WINDOWS\System32\Wbem;C:\WINDOWS\System32\WindowsPowerShell\v1.0\;C:\WINDOWS\System32\OpenSSH\;C:\Program Files\MATLAB\MATLAB Runtime\R2022b\runtime\win64;C:\Program Files\MATLAB\R2022b\bin;C:\Program Files\Java\jre1.8.0_361\bin;C:\Program Files\Java\jdk-12.0.2\bin;C:\Program Files\Tools\apache-maven-3.9.0\bin;C:\Program Files\Git\cmd;C:\Program Files\Git\bin;C:\Program Files\Graphviz\bin;C:\Program Files\gradle-8.0.2\bin;C:\Program Files\apache-ant-1.10.13\bin;C:\Program Files\thrift;C:\Users\dforn\Documents\TEXASAM\PROJECTS\Test_GAN\Python;C:\Users\dforn\miniconda3;C:\Users\dforn\miniconda3\Library\mingw-w64\bin;C:\Users\dforn\miniconda3\Library\usr\bin;C:\Users\dforn\miniconda3\Library\bin;C:\Users\dforn\miniconda3\Scripts;C:\Users\dforn\AppData\Local\Microsoft\WindowsApps;C:\Users\dforn\AppData\Local\Programs\Microsoft VS Code\bin;C:\Program Files\JetBrains\IntelliJ IDEA 2022.3.2\bin;;C:\Program Files\JetBrains\IntelliJ IDEA Community Edition 2023.1.1\bin;
USERNAME=dforn
OS=Windows_NT
PROCESSOR_IDENTIFIER=Intel64 Family 6 Model 140 Stepping 1, GenuineIntel



---------------  S Y S T E M  ---------------

OS: Windows 10 , 64 bit Build 22621 (10.0.22621.1778)

CPU:total 8 (initial active 8) (4 cores per cpu, 2 threads per core) family 6 model 140 stepping 1, cmov, cx8, fxsr, mmx, sse, sse2, sse3, ssse3, sse4.1, sse4.2, popcnt, avx, avx2, aes, clmul, erms, 3dnowpref, lzcnt, ht, tsc, tscinvbit, bmi1, bmi2, adx, evex, sha, fma

Memory: 4k page, system-wide physical 16075M (412M free)
TotalPageFile size 65227M (AvailPageFile size 85M)
current process WorkingSet (physical memory assigned to process): 302M, peak: 716M
current process commit charge ("private bytes"): 378M, peak: 794M

vm_info: Java HotSpot(TM) 64-Bit Server VM (12.0.2+10) for windows-amd64 JRE (12.0.2+10), built on Jul 16 2019 01:56:17 by "mach5one" with MS VC++ 15.5 (VS2017)

END.
